<?xml version="1.0" encoding="UTF-8"?>
<!-- Generated by org.testng.reporters.JUnitReportReporter -->
<testsuite hostname="Labor" failures="0" tests="4" name="com.simplilearn.CapStoneTest" time="0.988" errors="0" timestamp="2022-04-23T15:38:33 MESZ" skipped="0">
  <testcase classname="com.simplilearn.CapStoneTest" name="adminPortalTest" time="0.192"/>
  <system-out/>
  <testcase classname="com.simplilearn.CapStoneTest" name="userPortalTest" time="0.170"/>
  <system-out/>
  <testcase classname="com.simplilearn.CapStoneTest" name="OpenPageTest" time="0.144"/>
  <system-out/>
  <testcase classname="com.simplilearn.CapStoneTest" name="adminLoginTest" time="0.482"/>
  <system-out/>
</testsuite> <!-- com.simplilearn.CapStoneTest -->
